00:00:00.015290 main     VirtualBox COM Server 7.0.10 r158379 win.amd64 (Jul 12 2023 18:34:34) release log
00:00:00.015298 main     Log opened 2023-10-25T06:10:51.348272900Z
00:00:00.015301 main     Build Type: release
00:00:00.016057 main     OS Product: Windows 10
00:00:00.016063 main     OS Release: 10.0.19045
00:00:00.016064 main     OS Service Pack: 
00:00:00.216292 main     DMI Product Name: Latitude 3350
00:00:00.236332 main     DMI Product Version: 
00:00:00.236346 main     Firmware type: UEFI
00:00:00.237510 main     Secure Boot: VERR_PRIVILEGE_NOT_HELD
00:00:00.238065 main     Host RAM: 8096MB (7.9GB) total, 1006MB available
00:00:00.238137 main     Executable: C:\Program Files\Oracle\VirtualBox\VBoxSVC.exe
00:00:00.238139 main     Process ID: 22360
00:00:00.238144 main     Package type: WINDOWS_64BITS_GENERIC
00:00:00.451956          VirtualBox: object creation starts
00:00:00.453583          Home directory: 'C:\Users\admin\.VirtualBox'
00:00:00.454483          Installed Drivers:
00:00:00.465570            C:\Windows\system32\DRIVERS\VBoxNetLwf.sys (Version: 7.0.10.8379)
00:00:00.468677            C:\Windows\system32\DRIVERS\VBoxUSBMon.sys (Version: 7.0.10.8379)
00:00:00.472157            C:\Windows\system32\DRIVERS\VBoxSup.sys (Version: 7.0.10.8379)
00:00:00.476503            C:\Windows\system32\DRIVERS\VBoxNetAdp6.sys (Version: 7.0.10.8379)
00:00:00.496647          Loading settings file "C:\Users\admin\.VirtualBox\VirtualBox.xml" with version "1.12-windows"
00:00:00.505618          usbLibGetDevices: Starting USB device enumeration
00:00:00.508682          Getting USB descriptor (id 0) failed (dwErr=31) on hub USB#ROOT_HUB30#4&1deb5711&0&0#{f18a0e88-c30c-11d0-8815-00a0c906bed8} port 4
00:00:00.610020          Getting USB descriptor (id 0) failed (dwErr=31) on hub USB#VID_8087&PID_8001#5&235a0ca7&0&1#{f18a0e88-c30c-11d0-8815-00a0c906bed8} port 6
00:00:00.617498          usbLibGetDevices: Found 3 USB devices, 0 captured
00:00:00.624791          USB: Unknown USB device detected (idVendor: 0x8087, idProduct: 0x0a2a)
00:00:01.078125          HostDnsMonitor: initializing
00:00:01.095155          HostDnsMonitor: updating information
00:00:01.095293          HostDnsMonitor: old information
00:00:01.095295            no server entries
00:00:01.095296            no domain set
00:00:01.095297            no search string entries
00:00:01.095297          HostDnsMonitor: new information
00:00:01.095298            server 1: 192.168.43.40
00:00:01.095299            no domain set
00:00:01.095300            no search string entries
00:00:01.280862          VD: VDInit finished with VINF_SUCCESS
00:00:01.760618          Loading settings file "C:\Users\admin\VirtualBox VMs\CIT112 UBUNTU\CIT112 UBUNTU.vbox" with version "1.19-windows"
00:00:01.776893          Loading settings file "C:\Users\admin\VirtualBox VMs\Ubuntu 20.4\Ubuntu 20.4.vbox" with version "1.19-windows"
00:00:01.970959          OCI: Local config file 'C:\Users\admin\.VirtualBox\oci_config' does not exist
00:00:01.971211          OCI: Original config file 'C:\Users\admin\.oci\config' does not exist
00:00:01.971213          OCI: Reading profiles finished with status ERROR_SUCCESS
00:00:01.971446          ExtPack: Created cloud provider 'OCI' (hrc=ERROR_SUCCESS)
00:00:01.971632          VirtualBox: object created
00:00:02.140046          Saving settings file "C:\Users\admin\.VirtualBox\VirtualBox.xml" with version "1.12-windows"
00:00:02.149906          Finished saving settings file "C:\Users\admin\.VirtualBox\VirtualBox.xml"
00:00:02.150433          Saving settings file "C:\Users\admin\.VirtualBox\VirtualBox.xml" with version "1.12-windows"
00:00:02.161369          Finished saving settings file "C:\Users\admin\.VirtualBox\VirtualBox.xml"
00:00:02.161746          Saving settings file "C:\Users\admin\.VirtualBox\VirtualBox.xml" with version "1.12-windows"
00:00:02.170285          Finished saving settings file "C:\Users\admin\.VirtualBox\VirtualBox.xml"
00:00:07.242117          ERROR [COM]: aRC=VBOX_E_INVALID_VM_STATE (0x80bb0002) aIID={300763af-5d6b-46e6-aa96-273eac15538a} aComponent={MachineWrap} aText={The machine is not mutable (state is PoweredOff)}, preserve=false aResultDetail=0
00:00:26.944477          Launched VM: 3042034928 pid: 11652 (0x2d84) frontend: GUI/Qt name: Ubuntu 20.4
00:00:26.981629          ERROR [COM]: aRC=VBOX_E_INVALID_VM_STATE (0x80bb0002) aIID={300763af-5d6b-46e6-aa96-273eac15538a} aComponent={MachineWrap} aText={The machine is not mutable (state is PoweredOff)}, preserve=false aResultDetail=0
00:00:40.331355          ERROR [COM]: aRC=VBOX_E_INVALID_VM_STATE (0x80bb0002) aIID={300763af-5d6b-46e6-aa96-273eac15538a} aComponent={MachineWrap} aText={The machine is not mutable (state is PoweredOff)}, preserve=false aResultDetail=0
00:00:41.806351          Load [C:\Program Files\Oracle\VirtualBox\ExtensionPacks\Oracle_VM_VirtualBox_Extension_Pack\win.amd64\VBoxHostWebcam.DLL] vrc=VINF_SUCCESS
00:00:47.787364          ERROR [COM]: aRC=VBOX_E_IPRT_ERROR (0x80bb0005) aIID={300763af-5d6b-46e6-aa96-273eac15538a} aComponent={SessionMachine} aText={Saved screenshot data is not available (VERR_NOT_SUPPORTED)}, preserve=false aResultDetail=-37
00:00:49.522833          ERROR [COM]: aRC=VBOX_E_INVALID_VM_STATE (0x80bb0002) aIID={300763af-5d6b-46e6-aa96-273eac15538a} aComponent={SessionMachine} aText={The machine is not mutable or saved (state is Starting)}, preserve=false aResultDetail=0
00:00:49.551114          ERROR [COM]: aRC=VBOX_E_INVALID_VM_STATE (0x80bb0002) aIID={300763af-5d6b-46e6-aa96-273eac15538a} aComponent={MachineWrap} aText={The machine is not mutable (state is Starting)}, preserve=false aResultDetail=0
00:01:01.090506          ERROR [COM]: aRC=VBOX_E_OBJECT_NOT_FOUND (0x80bb0001) aIID={ad47ad09-787b-44ab-b343-a082a3f2dfb1} aComponent={MediumWrap} aText={Property 'CRYPT/KeyId' does not exist}, preserve=false aResultDetail=0
00:01:01.093832          ERROR [COM]: aRC=VBOX_E_OBJECT_NOT_FOUND (0x80bb0001) aIID={ad47ad09-787b-44ab-b343-a082a3f2dfb1} aComponent={MediumWrap} aText={Property 'CRYPT/KeyId' does not exist}, preserve=false aResultDetail=0
00:01:01.268694          ERROR [COM]: aRC=VBOX_E_INVALID_VM_STATE (0x80bb0002) aIID={300763af-5d6b-46e6-aa96-273eac15538a} aComponent={MachineWrap} aText={The machine is not mutable (state is Running)}, preserve=false aResultDetail=0
00:04:03.123803 dns-monitor HostDnsMonitor: updating information
00:04:03.123854 dns-monitor HostDnsMonitor: unchanged
00:31:04.287405 dns-monitor HostDnsMonitor: updating information
00:31:04.288386 dns-monitor HostDnsMonitor: unchanged
